* using log directory ‘/home/aa/kp/test/SimInf/SimInf.Rcheck’
* using R version 4.3.3 (2024-02-29)
* using platform: x86_64-pc-linux-gnu (64-bit)
* R was compiled by
    gcc (Ubuntu 13.2.0-23ubuntu3) 13.2.0
    GNU Fortran (Ubuntu 13.2.0-23ubuntu3) 13.2.0
* running under: Ubuntu 24.04.1 LTS
* using session charset: UTF-8
* checking for file ‘SimInf/DESCRIPTION’ ... OK
* checking extension type ... Package
* this is package ‘SimInf’ version ‘9.8.1.9001’
* package encoding: UTF-8
* checking package namespace information ... OK
* checking package dependencies ... OK
* checking if this is a source package ... OK
* checking if there is a namespace ... OK
* checking for executable files ... OK
* checking for hidden files and directories ... OK
* checking for portable file names ... OK
* checking for sufficient/correct file permissions ... OK
* checking whether package ‘SimInf’ can be installed ... OK
* used C compiler: ‘gcc (Ubuntu 13.3.0-6ubuntu2~24.04) 13.3.0’
* checking installed package size ... NOTE
  installed size is  5.1Mb
  sub-directories of 1Mb or more:
    data   1.9Mb
    doc    1.8Mb
* checking package directory ... OK
* checking ‘build’ directory ... OK
* checking DESCRIPTION meta-information ... OK
* checking top-level files ... OK
* checking for left-over files ... OK
* checking index information ... OK
* checking package subdirectories ... OK
* checking R files for non-ASCII characters ... OK
* checking R files for syntax errors ... OK
* checking whether the package can be loaded ... OK
* checking whether the package can be loaded with stated dependencies ... OK
* checking whether the package can be unloaded cleanly ... OK
* checking whether the namespace can be loaded with stated dependencies ... OK
* checking whether the namespace can be unloaded cleanly ... OK
* checking loading without being on the library search path ... OK
* checking dependencies in R code ... OK
* checking S3 generic/method consistency ... OK
* checking replacement functions ... OK
* checking foreign function calls ... OK
* checking R code for possible problems ... OK
* checking Rd files ... OK
* checking Rd metadata ... OK
* checking Rd cross-references ... OK
* checking for missing documentation entries ... OK
* checking for code/documentation mismatches ... WARNING
Codoc mismatches from documentation object 'plot,SimInf_model-method':
\S4method{plot}{SimInf_model}
  Code: function(x, y, level = 1, index = NULL, range = 0.5, type =
                 "s", lwd = 2, frame.plot = FALSE, legend = TRUE, log =
                 "", ...)
  Docs: function(x, y, level = 1, index = NULL, range = 0.5, type =
                 "s", lwd = 2, frame.plot = FALSE, legend = TRUE, ...)
  Argument names in code not in docs:
    log
  Mismatches in argument names:
    Position: 10 Code: log Docs: ...

* checking Rd \usage sections ... OK
* checking Rd contents ... OK
* checking for unstated dependencies in examples ... OK
* checking contents of ‘data’ directory ... OK
* checking data for non-ASCII characters ... OK
* checking LazyData ... OK
* checking data for ASCII and uncompressed saves ... OK
* checking line endings in shell scripts ... OK
* checking line endings in C/C++/Fortran sources/headers ... OK
* checking line endings in Makefiles ... OK
* checking compilation flags in Makevars ... OK
* checking for GNU extensions in Makefiles ... OK
* checking for portable use of $(BLAS_LIBS) and $(LAPACK_LIBS) ... OK
* checking use of PKG_*FLAGS in Makefiles ... OK
* checking compiled code ... OK
* checking installed files from ‘inst/doc’ ... OK
* checking files in ‘vignettes’ ... OK
* checking examples ... OK
* checking for unstated dependencies in ‘tests’ ... OK
* checking tests ... OK
  Running ‘SEIR.R’
  Running ‘SIR.R’
  Running ‘SIS.R’
  Running ‘SISe.R’
  Running ‘SISe3.R’
  Running ‘SISe3_sp.R’
  Running ‘SISe_sp.R’
  Running ‘SimInf.R’
  Running ‘SimInf_events.R’
  Running ‘SimInf_model.R’
  Running ‘abc-gdata.R’
  Running ‘abc-ldata.R’
  Running ‘abc.R’
  Running ‘density_ratio.R’
  Running ‘distributions.R’
  Running ‘edge_properties.R’
  Running ‘indiv_events.R’
  Running ‘ldata_sp.R’
  Running ‘match_compartments.R’
  Running ‘measures.R’
  Running ‘mparse.R’
  Running ‘package_skeleton.R’
  Running ‘pfilter.R’
  Running ‘phi.R’
  Running ‘pmcmc.R’
  Running ‘prevalence.R’
  Running ‘punchcard.R’
  Running ‘sample_select.R’
  Running ‘solver_aem.R’
  Running ‘u0.R’
  Running ‘v0.R’
* checking for unstated dependencies in vignettes ... OK
* checking package vignettes in ‘inst/doc’ ... OK
* checking running R code from vignettes ... OK
  ‘SimInf.Rnw’ using ‘UTF-8’... OK
  ‘post-process-data.Rmd’ using ‘UTF-8’... OK
  ‘scheduled-events.Rmd’ using ‘UTF-8’... OK
* checking re-building of vignette outputs ... OK
* checking PDF version of manual ... WARNING
LaTeX errors when creating PDF version.
This typically indicates Rd problems.
LaTeX errors found:
! LaTeX Error: File `inconsolata.sty' not found.

Type X to quit or <RETURN> to proceed,
or enter new name. (Default extension: sty)

! Emergency stop.
<read *> 
         
l.303 ^^M
         
!  ==> Fatal error occurred, no output PDF file produced!
* checking PDF version of manual without index ... OK
* DONE
Status: 2 WARNINGs, 1 NOTE
