* installing *source* package ‘SimInf’ ...
** using staged installation
checking for gcc... gcc
checking whether the C compiler works... yes
checking for C compiler default output file name... a.out
checking for suffix of executables... 
checking whether we are cross compiling... no
checking for suffix of object files... o
checking whether the compiler supports GNU C... yes
checking whether gcc accepts -g... yes
checking for gcc option to enable C11 features... none needed
checking for gcc option to support OpenMP... -fopenmp
checking whether OpenMP will work in a package... yes
checking for gsl-config... /usr/bin/gsl-config

  ---- Results for the SimInf package configure ----

    PKG_CPPFLAGS..............: -I. -I../inst/include  -I/usr/include -DR_NO_REMAP -DSTRICT_R_HEADERS
    PKG_CFLAGS................: -fopenmp
    PKG_LIBS..................: -fopenmp -L/usr/lib/x86_64-linux-gnu -lgsl -lgslcblas -lm 
    Have support for OpenMP...: yes

  --------------------------------------------------

configure: creating ./config.status
config.status: creating src/Makevars
** libs
using C compiler: ‘gcc (Ubuntu 13.3.0-6ubuntu2~24.04) 13.3.0’
gcc -I"/usr/share/R/include" -DNDEBUG -I. -I../inst/include  -I/usr/include -DR_NO_REMAP -DSTRICT_R_HEADERS     -fopenmp -fpic  -g -O2 -fno-omit-frame-pointer -mno-omit-leaf-frame-pointer -ffile-prefix-map=/build/r-base-FPSnzf/r-base-4.3.3=. -fstack-protector-strong -fstack-clash-protection -Wformat -Werror=format-security -fcf-protection -fdebug-prefix-map=/build/r-base-FPSnzf/r-base-4.3.3=/usr/src/r-base-4.3.3-2build2 -Wdate-time -D_FORTIFY_SOURCE=3  -c misc/binheap.c -o misc/binheap.o
gcc -I"/usr/share/R/include" -DNDEBUG -I. -I../inst/include  -I/usr/include -DR_NO_REMAP -DSTRICT_R_HEADERS     -fopenmp -fpic  -g -O2 -fno-omit-frame-pointer -mno-omit-leaf-frame-pointer -ffile-prefix-map=/build/r-base-FPSnzf/r-base-4.3.3=. -fstack-protector-strong -fstack-clash-protection -Wformat -Werror=format-security -fcf-protection -fdebug-prefix-map=/build/r-base-FPSnzf/r-base-4.3.3=/usr/src/r-base-4.3.3-2build2 -Wdate-time -D_FORTIFY_SOURCE=3  -c misc/SimInf_forward_euler_linear_decay.c -o misc/SimInf_forward_euler_linear_decay.o
gcc -I"/usr/share/R/include" -DNDEBUG -I. -I../inst/include  -I/usr/include -DR_NO_REMAP -DSTRICT_R_HEADERS     -fopenmp -fpic  -g -O2 -fno-omit-frame-pointer -mno-omit-leaf-frame-pointer -ffile-prefix-map=/build/r-base-FPSnzf/r-base-4.3.3=. -fstack-protector-strong -fstack-clash-protection -Wformat -Werror=format-security -fcf-protection -fdebug-prefix-map=/build/r-base-FPSnzf/r-base-4.3.3=/usr/src/r-base-4.3.3-2build2 -Wdate-time -D_FORTIFY_SOURCE=3  -c misc/SimInf_LambertW.c -o misc/SimInf_LambertW.o
gcc -I"/usr/share/R/include" -DNDEBUG -I. -I../inst/include  -I/usr/include -DR_NO_REMAP -DSTRICT_R_HEADERS     -fopenmp -fpic  -g -O2 -fno-omit-frame-pointer -mno-omit-leaf-frame-pointer -ffile-prefix-map=/build/r-base-FPSnzf/r-base-4.3.3=. -fstack-protector-strong -fstack-clash-protection -Wformat -Werror=format-security -fcf-protection -fdebug-prefix-map=/build/r-base-FPSnzf/r-base-4.3.3=/usr/src/r-base-4.3.3-2build2 -Wdate-time -D_FORTIFY_SOURCE=3  -c misc/SimInf_openmp.c -o misc/SimInf_openmp.o
gcc -I"/usr/share/R/include" -DNDEBUG -I. -I../inst/include  -I/usr/include -DR_NO_REMAP -DSTRICT_R_HEADERS     -fopenmp -fpic  -g -O2 -fno-omit-frame-pointer -mno-omit-leaf-frame-pointer -ffile-prefix-map=/build/r-base-FPSnzf/r-base-4.3.3=. -fstack-protector-strong -fstack-clash-protection -Wformat -Werror=format-security -fcf-protection -fdebug-prefix-map=/build/r-base-FPSnzf/r-base-4.3.3=/usr/src/r-base-4.3.3-2build2 -Wdate-time -D_FORTIFY_SOURCE=3  -c misc/SimInf_arg.c -o misc/SimInf_arg.o
gcc -I"/usr/share/R/include" -DNDEBUG -I. -I../inst/include  -I/usr/include -DR_NO_REMAP -DSTRICT_R_HEADERS     -fopenmp -fpic  -g -O2 -fno-omit-frame-pointer -mno-omit-leaf-frame-pointer -ffile-prefix-map=/build/r-base-FPSnzf/r-base-4.3.3=. -fstack-protector-strong -fstack-clash-protection -Wformat -Werror=format-security -fcf-protection -fdebug-prefix-map=/build/r-base-FPSnzf/r-base-4.3.3=/usr/src/r-base-4.3.3-2build2 -Wdate-time -D_FORTIFY_SOURCE=3  -c misc/SimInf_particle_filter.c -o misc/SimInf_particle_filter.o
gcc -I"/usr/share/R/include" -DNDEBUG -I. -I../inst/include  -I/usr/include -DR_NO_REMAP -DSTRICT_R_HEADERS     -fopenmp -fpic  -g -O2 -fno-omit-frame-pointer -mno-omit-leaf-frame-pointer -ffile-prefix-map=/build/r-base-FPSnzf/r-base-4.3.3=. -fstack-protector-strong -fstack-clash-protection -Wformat -Werror=format-security -fcf-protection -fdebug-prefix-map=/build/r-base-FPSnzf/r-base-4.3.3=/usr/src/r-base-4.3.3-2build2 -Wdate-time -D_FORTIFY_SOURCE=3  -c misc/SimInf_trajectory.c -o misc/SimInf_trajectory.o
gcc -I"/usr/share/R/include" -DNDEBUG -I. -I../inst/include  -I/usr/include -DR_NO_REMAP -DSTRICT_R_HEADERS     -fopenmp -fpic  -g -O2 -fno-omit-frame-pointer -mno-omit-leaf-frame-pointer -ffile-prefix-map=/build/r-base-FPSnzf/r-base-4.3.3=. -fstack-protector-strong -fstack-clash-protection -Wformat -Werror=format-security -fcf-protection -fdebug-prefix-map=/build/r-base-FPSnzf/r-base-4.3.3=/usr/src/r-base-4.3.3-2build2 -Wdate-time -D_FORTIFY_SOURCE=3  -c misc/SimInf_local_spread.c -o misc/SimInf_local_spread.o
gcc -I"/usr/share/R/include" -DNDEBUG -I. -I../inst/include  -I/usr/include -DR_NO_REMAP -DSTRICT_R_HEADERS     -fopenmp -fpic  -g -O2 -fno-omit-frame-pointer -mno-omit-leaf-frame-pointer -ffile-prefix-map=/build/r-base-FPSnzf/r-base-4.3.3=. -fstack-protector-strong -fstack-clash-protection -Wformat -Werror=format-security -fcf-protection -fdebug-prefix-map=/build/r-base-FPSnzf/r-base-4.3.3=/usr/src/r-base-4.3.3-2build2 -Wdate-time -D_FORTIFY_SOURCE=3  -c misc/SimInf_ldata.c -o misc/SimInf_ldata.o
gcc -I"/usr/share/R/include" -DNDEBUG -I. -I../inst/include  -I/usr/include -DR_NO_REMAP -DSTRICT_R_HEADERS     -fopenmp -fpic  -g -O2 -fno-omit-frame-pointer -mno-omit-leaf-frame-pointer -ffile-prefix-map=/build/r-base-FPSnzf/r-base-4.3.3=. -fstack-protector-strong -fstack-clash-protection -Wformat -Werror=format-security -fcf-protection -fdebug-prefix-map=/build/r-base-FPSnzf/r-base-4.3.3=/usr/src/r-base-4.3.3-2build2 -Wdate-time -D_FORTIFY_SOURCE=3  -c misc/SimInf_abc.c -o misc/SimInf_abc.o
gcc -I"/usr/share/R/include" -DNDEBUG -I. -I../inst/include  -I/usr/include -DR_NO_REMAP -DSTRICT_R_HEADERS     -fopenmp -fpic  -g -O2 -fno-omit-frame-pointer -mno-omit-leaf-frame-pointer -ffile-prefix-map=/build/r-base-FPSnzf/r-base-4.3.3=. -fstack-protector-strong -fstack-clash-protection -Wformat -Werror=format-security -fcf-protection -fdebug-prefix-map=/build/r-base-FPSnzf/r-base-4.3.3=/usr/src/r-base-4.3.3-2build2 -Wdate-time -D_FORTIFY_SOURCE=3  -c misc/SimInf_distance_matrix.c -o misc/SimInf_distance_matrix.o
gcc -I"/usr/share/R/include" -DNDEBUG -I. -I../inst/include  -I/usr/include -DR_NO_REMAP -DSTRICT_R_HEADERS     -fopenmp -fpic  -g -O2 -fno-omit-frame-pointer -mno-omit-leaf-frame-pointer -ffile-prefix-map=/build/r-base-FPSnzf/r-base-4.3.3=. -fstack-protector-strong -fstack-clash-protection -Wformat -Werror=format-security -fcf-protection -fdebug-prefix-map=/build/r-base-FPSnzf/r-base-4.3.3=/usr/src/r-base-4.3.3-2build2 -Wdate-time -D_FORTIFY_SOURCE=3  -c misc/SimInf_clean_indiv_events.c -o misc/SimInf_clean_indiv_events.o
gcc -I"/usr/share/R/include" -DNDEBUG -I. -I../inst/include  -I/usr/include -DR_NO_REMAP -DSTRICT_R_HEADERS     -fopenmp -fpic  -g -O2 -fno-omit-frame-pointer -mno-omit-leaf-frame-pointer -ffile-prefix-map=/build/r-base-FPSnzf/r-base-4.3.3=. -fstack-protector-strong -fstack-clash-protection -Wformat -Werror=format-security -fcf-protection -fdebug-prefix-map=/build/r-base-FPSnzf/r-base-4.3.3=/usr/src/r-base-4.3.3-2build2 -Wdate-time -D_FORTIFY_SOURCE=3  -c SimInf.c -o SimInf.o
gcc -I"/usr/share/R/include" -DNDEBUG -I. -I../inst/include  -I/usr/include -DR_NO_REMAP -DSTRICT_R_HEADERS     -fopenmp -fpic  -g -O2 -fno-omit-frame-pointer -mno-omit-leaf-frame-pointer -ffile-prefix-map=/build/r-base-FPSnzf/r-base-4.3.3=. -fstack-protector-strong -fstack-clash-protection -Wformat -Werror=format-security -fcf-protection -fdebug-prefix-map=/build/r-base-FPSnzf/r-base-4.3.3=/usr/src/r-base-4.3.3-2build2 -Wdate-time -D_FORTIFY_SOURCE=3  -c init.c -o init.o
gcc -I"/usr/share/R/include" -DNDEBUG -I. -I../inst/include  -I/usr/include -DR_NO_REMAP -DSTRICT_R_HEADERS     -fopenmp -fpic  -g -O2 -fno-omit-frame-pointer -mno-omit-leaf-frame-pointer -ffile-prefix-map=/build/r-base-FPSnzf/r-base-4.3.3=. -fstack-protector-strong -fstack-clash-protection -Wformat -Werror=format-security -fcf-protection -fdebug-prefix-map=/build/r-base-FPSnzf/r-base-4.3.3=/usr/src/r-base-4.3.3-2build2 -Wdate-time -D_FORTIFY_SOURCE=3  -c models/SIS.c -o models/SIS.o
gcc -I"/usr/share/R/include" -DNDEBUG -I. -I../inst/include  -I/usr/include -DR_NO_REMAP -DSTRICT_R_HEADERS     -fopenmp -fpic  -g -O2 -fno-omit-frame-pointer -mno-omit-leaf-frame-pointer -ffile-prefix-map=/build/r-base-FPSnzf/r-base-4.3.3=. -fstack-protector-strong -fstack-clash-protection -Wformat -Werror=format-security -fcf-protection -fdebug-prefix-map=/build/r-base-FPSnzf/r-base-4.3.3=/usr/src/r-base-4.3.3-2build2 -Wdate-time -D_FORTIFY_SOURCE=3  -c models/SISe.c -o models/SISe.o
gcc -I"/usr/share/R/include" -DNDEBUG -I. -I../inst/include  -I/usr/include -DR_NO_REMAP -DSTRICT_R_HEADERS     -fopenmp -fpic  -g -O2 -fno-omit-frame-pointer -mno-omit-leaf-frame-pointer -ffile-prefix-map=/build/r-base-FPSnzf/r-base-4.3.3=. -fstack-protector-strong -fstack-clash-protection -Wformat -Werror=format-security -fcf-protection -fdebug-prefix-map=/build/r-base-FPSnzf/r-base-4.3.3=/usr/src/r-base-4.3.3-2build2 -Wdate-time -D_FORTIFY_SOURCE=3  -c models/SISe3.c -o models/SISe3.o
gcc -I"/usr/share/R/include" -DNDEBUG -I. -I../inst/include  -I/usr/include -DR_NO_REMAP -DSTRICT_R_HEADERS     -fopenmp -fpic  -g -O2 -fno-omit-frame-pointer -mno-omit-leaf-frame-pointer -ffile-prefix-map=/build/r-base-FPSnzf/r-base-4.3.3=. -fstack-protector-strong -fstack-clash-protection -Wformat -Werror=format-security -fcf-protection -fdebug-prefix-map=/build/r-base-FPSnzf/r-base-4.3.3=/usr/src/r-base-4.3.3-2build2 -Wdate-time -D_FORTIFY_SOURCE=3  -c models/SIR.c -o models/SIR.o
gcc -I"/usr/share/R/include" -DNDEBUG -I. -I../inst/include  -I/usr/include -DR_NO_REMAP -DSTRICT_R_HEADERS     -fopenmp -fpic  -g -O2 -fno-omit-frame-pointer -mno-omit-leaf-frame-pointer -ffile-prefix-map=/build/r-base-FPSnzf/r-base-4.3.3=. -fstack-protector-strong -fstack-clash-protection -Wformat -Werror=format-security -fcf-protection -fdebug-prefix-map=/build/r-base-FPSnzf/r-base-4.3.3=/usr/src/r-base-4.3.3-2build2 -Wdate-time -D_FORTIFY_SOURCE=3  -c models/SISe3_sp.c -o models/SISe3_sp.o
gcc -I"/usr/share/R/include" -DNDEBUG -I. -I../inst/include  -I/usr/include -DR_NO_REMAP -DSTRICT_R_HEADERS     -fopenmp -fpic  -g -O2 -fno-omit-frame-pointer -mno-omit-leaf-frame-pointer -ffile-prefix-map=/build/r-base-FPSnzf/r-base-4.3.3=. -fstack-protector-strong -fstack-clash-protection -Wformat -Werror=format-security -fcf-protection -fdebug-prefix-map=/build/r-base-FPSnzf/r-base-4.3.3=/usr/src/r-base-4.3.3-2build2 -Wdate-time -D_FORTIFY_SOURCE=3  -c models/SISe_sp.c -o models/SISe_sp.o
gcc -I"/usr/share/R/include" -DNDEBUG -I. -I../inst/include  -I/usr/include -DR_NO_REMAP -DSTRICT_R_HEADERS     -fopenmp -fpic  -g -O2 -fno-omit-frame-pointer -mno-omit-leaf-frame-pointer -ffile-prefix-map=/build/r-base-FPSnzf/r-base-4.3.3=. -fstack-protector-strong -fstack-clash-protection -Wformat -Werror=format-security -fcf-protection -fdebug-prefix-map=/build/r-base-FPSnzf/r-base-4.3.3=/usr/src/r-base-4.3.3-2build2 -Wdate-time -D_FORTIFY_SOURCE=3  -c models/SEIR.c -o models/SEIR.o
gcc -I"/usr/share/R/include" -DNDEBUG -I. -I../inst/include  -I/usr/include -DR_NO_REMAP -DSTRICT_R_HEADERS     -fopenmp -fpic  -g -O2 -fno-omit-frame-pointer -mno-omit-leaf-frame-pointer -ffile-prefix-map=/build/r-base-FPSnzf/r-base-4.3.3=. -fstack-protector-strong -fstack-clash-protection -Wformat -Werror=format-security -fcf-protection -fdebug-prefix-map=/build/r-base-FPSnzf/r-base-4.3.3=/usr/src/r-base-4.3.3-2build2 -Wdate-time -D_FORTIFY_SOURCE=3  -c solvers/aem/SimInf_solver_aem.c -o solvers/aem/SimInf_solver_aem.o
gcc -I"/usr/share/R/include" -DNDEBUG -I. -I../inst/include  -I/usr/include -DR_NO_REMAP -DSTRICT_R_HEADERS     -fopenmp -fpic  -g -O2 -fno-omit-frame-pointer -mno-omit-leaf-frame-pointer -ffile-prefix-map=/build/r-base-FPSnzf/r-base-4.3.3=. -fstack-protector-strong -fstack-clash-protection -Wformat -Werror=format-security -fcf-protection -fdebug-prefix-map=/build/r-base-FPSnzf/r-base-4.3.3=/usr/src/r-base-4.3.3-2build2 -Wdate-time -D_FORTIFY_SOURCE=3  -c solvers/ssm/SimInf_solver_ssm.c -o solvers/ssm/SimInf_solver_ssm.o
gcc -I"/usr/share/R/include" -DNDEBUG -I. -I../inst/include  -I/usr/include -DR_NO_REMAP -DSTRICT_R_HEADERS     -fopenmp -fpic  -g -O2 -fno-omit-frame-pointer -mno-omit-leaf-frame-pointer -ffile-prefix-map=/build/r-base-FPSnzf/r-base-4.3.3=. -fstack-protector-strong -fstack-clash-protection -Wformat -Werror=format-security -fcf-protection -fdebug-prefix-map=/build/r-base-FPSnzf/r-base-4.3.3=/usr/src/r-base-4.3.3-2build2 -Wdate-time -D_FORTIFY_SOURCE=3  -c solvers/mssm/SimInf_solver_mssm.c -o solvers/mssm/SimInf_solver_mssm.o
gcc -I"/usr/share/R/include" -DNDEBUG -I. -I../inst/include  -I/usr/include -DR_NO_REMAP -DSTRICT_R_HEADERS     -fopenmp -fpic  -g -O2 -fno-omit-frame-pointer -mno-omit-leaf-frame-pointer -ffile-prefix-map=/build/r-base-FPSnzf/r-base-4.3.3=. -fstack-protector-strong -fstack-clash-protection -Wformat -Werror=format-security -fcf-protection -fdebug-prefix-map=/build/r-base-FPSnzf/r-base-4.3.3=/usr/src/r-base-4.3.3-2build2 -Wdate-time -D_FORTIFY_SOURCE=3  -c solvers/SimInf_solver.c -o solvers/SimInf_solver.o
gcc -shared -L/usr/lib/R/lib -Wl,-Bsymbolic-functions -flto=auto -ffat-lto-objects -Wl,-z,relro -o SimInf.so misc/binheap.o misc/SimInf_forward_euler_linear_decay.o misc/SimInf_LambertW.o misc/SimInf_openmp.o misc/SimInf_arg.o misc/SimInf_particle_filter.o misc/SimInf_trajectory.o misc/SimInf_local_spread.o misc/SimInf_ldata.o misc/SimInf_abc.o misc/SimInf_distance_matrix.o misc/SimInf_clean_indiv_events.o SimInf.o init.o models/SIS.o models/SISe.o models/SISe3.o models/SIR.o models/SISe3_sp.o models/SISe_sp.o models/SEIR.o solvers/aem/SimInf_solver_aem.o solvers/ssm/SimInf_solver_ssm.o solvers/mssm/SimInf_solver_mssm.o solvers/SimInf_solver.o -fopenmp -L/usr/lib/x86_64-linux-gnu -lgsl -lgslcblas -lm -L/usr/lib/R/lib -lR
installing to /home/aa/kp/test/SimInf/SimInf.Rcheck/00LOCK-SimInf/00new/SimInf/libs
** R
** data
*** moving datasets to lazyload DB
** inst
** byte-compile and prepare package for lazy loading
** help
*** installing help indices
*** copying figures
** building package indices
** installing vignettes
** testing if installed package can be loaded from temporary location
** checking absolute paths in shared objects and dynamic libraries
** testing if installed package can be loaded from final location
** testing if installed package keeps a record of temporary installation path
* DONE (SimInf)
