Hmm ... looks like a package
Converting parsed Rd's to LaTeX ..........
Creating pdf output from LaTeX ...
Warning in texi2dvi(file = file, pdf = TRUE, clean = clean, quiet = quiet,  :
  texi2dvi script/program not available, using emulation
This is pdfTeX, Version 3.141592653-2.6-1.40.25 (TeX Live 2023/Debian) (preloaded format=pdflatex)
 restricted \write18 enabled.
entering extended mode
(./Rd2.tex
LaTeX2e <2023-11-01> patch level 1
L3 programming layer <2024-01-22>

(/usr/share/texlive/texmf-dist/tex/latex/base/book.cls
Document Class: book 2023/05/17 v1.4n Standard LaTeX document class
(/usr/share/texlive/texmf-dist/tex/latex/base/bk10.clo))
(/usr/share/R/share/texmf/tex/latex/Rd.sty
(/usr/share/texlive/texmf-dist/tex/latex/base/ifthen.sty)
(/usr/share/texlive/texmf-dist/tex/latex/tools/longtable.sty)
(/usr/share/texlive/texmf-dist/tex/latex/tools/bm.sty)
(/usr/share/texlive/texmf-dist/tex/latex/base/alltt.sty)
(/usr/share/texlive/texmf-dist/tex/latex/tools/verbatim.sty)
(/usr/share/texlive/texmf-dist/tex/latex/url/url.sty)
(/usr/share/texlive/texmf-dist/tex/latex/base/textcomp.sty)
(/usr/share/texlive/texmf-dist/tex/latex/amsmath/amsmath.sty
For additional information on amsmath, use the `?' option.
(/usr/share/texlive/texmf-dist/tex/latex/amsmath/amstext.sty
(/usr/share/texlive/texmf-dist/tex/latex/amsmath/amsgen.sty))
(/usr/share/texlive/texmf-dist/tex/latex/amsmath/amsbsy.sty)
(/usr/share/texlive/texmf-dist/tex/latex/amsmath/amsopn.sty))
(/usr/share/texlive/texmf-dist/tex/latex/amsfonts/amsfonts.sty)
(/usr/share/texlive/texmf-dist/tex/latex/amsfonts/amssymb.sty)
(/usr/share/texlive/texmf-dist/tex/latex/jknapltx/mathrsfs.sty)
(/usr/share/texlive/texmf-dist/tex/generic/iftex/iftex.sty)
(/usr/share/texlive/texmf-dist/tex/latex/base/fontenc.sty)
(/usr/share/texlive/texmf-dist/tex/latex/psnfss/times.sty)
(/usr/share/texlive/texmf-dist/tex/latex/graphics/color.sty
(/usr/share/texlive/texmf-dist/tex/latex/graphics-cfg/color.cfg)
(/usr/share/texlive/texmf-dist/tex/latex/graphics-def/pdftex.def)
(/usr/share/texlive/texmf-dist/tex/latex/graphics/mathcolor.ltx))
(/usr/share/texlive/texmf-dist/tex/latex/hyperref/hyperref.sty
(/usr/share/texlive/texmf-dist/tex/latex/graphics/keyval.sty)
(/usr/share/texlive/texmf-dist/tex/latex/kvsetkeys/kvsetkeys.sty)
(/usr/share/texlive/texmf-dist/tex/generic/kvdefinekeys/kvdefinekeys.sty)
(/usr/share/texlive/texmf-dist/tex/generic/pdfescape/pdfescape.sty
(/usr/share/texlive/texmf-dist/tex/generic/ltxcmds/ltxcmds.sty)
(/usr/share/texlive/texmf-dist/tex/generic/pdftexcmds/pdftexcmds.sty
(/usr/share/texlive/texmf-dist/tex/generic/infwarerr/infwarerr.sty)))
(/usr/share/texlive/texmf-dist/tex/latex/hycolor/hycolor.sty)
(/usr/share/texlive/texmf-dist/tex/latex/auxhook/auxhook.sty)
(/usr/share/texlive/texmf-dist/tex/latex/hyperref/nameref.sty
(/usr/share/texlive/texmf-dist/tex/latex/refcount/refcount.sty)
(/usr/share/texlive/texmf-dist/tex/generic/gettitlestring/gettitlestring.sty
(/usr/share/texlive/texmf-dist/tex/latex/kvoptions/kvoptions.sty)))
(/usr/share/texlive/texmf-dist/tex/latex/etoolbox/etoolbox.sty)
(/usr/share/texlive/texmf-dist/tex/latex/hyperref/pd1enc.def)
(/usr/share/texlive/texmf-dist/tex/generic/intcalc/intcalc.sty)
(/usr/share/texlive/texmf-dist/tex/latex/hyperref/puenc.def)
(/usr/share/texlive/texmf-dist/tex/generic/bitset/bitset.sty
(/usr/share/texlive/texmf-dist/tex/generic/bigintcalc/bigintcalc.sty))
(/usr/share/texlive/texmf-dist/tex/latex/base/atbegshi-ltx.sty))
(/usr/share/texlive/texmf-dist/tex/latex/hyperref/hpdftex.def
(/usr/share/texlive/texmf-dist/tex/latex/base/atveryend-ltx.sty)
(/usr/share/texlive/texmf-dist/tex/latex/rerunfilecheck/rerunfilecheck.sty
(/usr/share/texlive/texmf-dist/tex/generic/uniquecounter/uniquecounter.sty))))
(/usr/share/texlive/texmf-dist/tex/latex/base/inputenc.sty)
(/usr/share/texlive/texmf-dist/tex/latex/psnfss/t1ptm.fd)
(/usr/share/texlive/texmf-dist/tex/latex/l3backend/l3backend-pdftex.def)
No file Rd2.aux.
(/usr/share/texlive/texmf-dist/tex/context/base/mkii/supp-pdf.mkii
[Loading MPS to PDF converter (version 2006.09.02).]
) (/usr/share/texlive/texmf-dist/tex/latex/psnfss/ts1ptm.fd)
(/usr/share/texlive/texmf-dist/tex/latex/psnfss/t1pcr.fd)
(/usr/share/texlive/texmf-dist/tex/latex/amsfonts/umsa.fd)
(/usr/share/texlive/texmf-dist/tex/latex/amsfonts/umsb.fd)
(/usr/share/texlive/texmf-dist/tex/latex/jknapltx/ursfs.fd) [1{/var/lib/texmf/f
onts/map/pdftex/updmap/pdftex.map}{/usr/share/texlive/texmf-dist/fonts/enc/dvip
s/base/8r.enc}] (/usr/share/texlive/texmf-dist/tex/latex/psnfss/t1phv.fd)
No file Rd2.toc.
[2] (/usr/share/texlive/texmf-dist/tex/latex/psnfss/ts1pcr.fd)
Overfull \hbox (14.09938pt too wide) in paragraph at lines 127--136
\T1/ptm/m/n/10 low-ing dis-tri-bu-tions are sup-ported: []\T1/pcr/m/n/10 gamma[
]\T1/ptm/m/n/10 , []\T1/pcr/m/n/10 lognormal[]\T1/ptm/m/n/10 , []\T1/pcr/m/n/10
 normal []\T1/ptm/m/n/10 and []\T1/pcr/m/n/10 uniform[]\T1/ptm/m/n/10 .
[3] [4] [5] [6] [7] [8] [9] [10] [11]
Overfull \hbox (15.18042pt too wide) in paragraph at lines 613--613
 []\T1/pcr/m/n/9 model <- mparse(transitions = c("S -> b*S*I/(S+I+R) -> I", "I 
-> g*I -> R"),[] 
[12]
Overfull \hbox (7.60909pt too wide) in paragraph at lines 715--718
[]\T1/ptm/m/n/10 a nu-meric ma-trix with the num-ber of rows equal to []\T1/pcr
/m/n/10 max(table(edges$to)) * (ncol(edges)
[13] [14] [15] [16] [17] [18] [19] [20] [21] [22] [23] [24]
Overfull \hbox (9.78043pt too wide) in paragraph at lines 1379--1379
 []              \T1/pcr/m/n/9 beta_t4 = 1.25e-1, end_t1 = c(91, 101), end_t2 =
 c(182, 185),[] 
[25] [26]
Overfull \hbox (4.33875pt too wide) in paragraph at lines 1483--1486
[]\T1/ptm/m/n/10 contains the names of the in-volved com-part-ments, for ex-am-
ple, []\T1/pcr/m/n/10 compartments
[27] [28] [29]
Overfull \hbox (8.68842pt too wide) in paragraph at lines 1681--1685
\T1/ptm/m/n/10 ex-tract the events af-ter the min-i-mum time-point in the []\T1
/pcr/m/n/10 SimInf_indiv_events

Overfull \hbox (11.36795pt too wide) in paragraph at lines 1686--1690
[]\T1/ptm/m/n/10 The Sim-Inf model ('SEIR', 'SIR', 'SIS', 'SISe3', 'SISe3_sp', 
'SISe', or 'SISe_sp')
[30] [31] [32] [33] [34] [35] [36] [37] [38] [39] [40] [41] [42] [43]
Overfull \hbox (14.09938pt too wide) in paragraph at lines 2503--2512
\T1/ptm/m/n/10 low-ing dis-tri-bu-tions are sup-ported: []\T1/pcr/m/n/10 gamma[
]\T1/ptm/m/n/10 , []\T1/pcr/m/n/10 lognormal[]\T1/ptm/m/n/10 , []\T1/pcr/m/n/10
 normal []\T1/ptm/m/n/10 and []\T1/pcr/m/n/10 uniform[]\T1/ptm/m/n/10 .

Overfull \hbox (29.89868pt too wide) in paragraph at lines 2523--2526
\T1/ptm/m/n/10 pro-posal ma-trix. If left un-spec-i-fied then de-faults to []\T
1/pcr/m/n/10 diag((theta/10)^2/npars)[]\T1/ptm/m/n/10 . 
[44] [45]
Overfull \hbox (60.78088pt too wide) in paragraph at lines 2663--2663
 []\T1/pcr/m/n/10 prevalence(model, formula, level, index, format = c("data.fra
me", "matrix"))[] 
[46] [47]
Overfull \hbox (60.78088pt too wide) in paragraph at lines 2759--2759
 []\T1/pcr/m/n/10 prevalence(model, formula, level, index, format = c("data.fra
me", "matrix"))[] 
[48]
Overfull \hbox (42.78088pt too wide) in paragraph at lines 2824--2824
 []\T1/pcr/m/n/10 prevalence(model, formula, level, index, start = 1, end = NUL
L, thin = 1)[] 
[49]
Overfull \hbox (0.29762pt too wide) in paragraph at lines 2910--2915
[]\T1/ptm/m/n/10 A []\T1/pcr/m/n/10 data.frame []\T1/ptm/m/n/10 that spec-ify t
he nodes, time-points and com-part-ments to record
[50]
Overfull \hbox (15.18042pt too wide) in paragraph at lines 2941--2941
 []\T1/pcr/m/n/9 ## Create an \TS1/pcr/m/n/9 '\T1/pcr/m/n/9 SIR\TS1/pcr/m/n/9 '
 \T1/pcr/m/n/9 model with 6 nodes and initialize it to run over 10 days.[] 

Underfull \vbox (badness 3803) has occurred while \output is active [51]
[52]

LaTeX Font Warning: Font shape `T1/ptm/m/scit' undefined
(Font)              using `T1/ptm/m/sc' instead on input line 3093.

[53]
Overfull \hbox (42.78088pt too wide) in paragraph at lines 3102--3102
 []\T1/pcr/m/n/10 SEIR(u0, tspan, events = NULL, beta = NULL, epsilon = NULL, g
amma = NULL) 
[54] [55] [56] [57]
Overfull \hbox (41.5875pt too wide) in paragraph at lines 3337--3340
[]\T1/ptm/m/n/10 Utility func-tion to ex-tract the shift ma-trix []\T1/pcr/m/n/
10 events@N []\T1/ptm/m/n/10 from a []\T1/pcr/m/n/10 SimInf_model []\T1/ptm/m/n
/10 ob-ject, see [][][]\T1/pcr/m/n/10 SimInf_events[][] 
[58] [59] [60] [61]
Overfull \hbox (6.79706pt too wide) in paragraph at lines 3582--3591
\T1/ptm/m/n/10 work in-te-grates in-fec-tion dy-nam-ics in each sub-pop-u-la-ti
on as continuous-time Markov chains (CTMC)
[62]
Overfull \hbox (4.81871pt too wide) in paragraph at lines 3610--3615
[]\T1/ptm/m/n/10 and []\T1/pcr/m/n/10 plot[]\T1/ptm/m/n/10 . To fa-cil-i-tate c
us-tom anal-y-sis, it pro-vides the [][][]\T1/pcr/m/n/10 trajectory,SimInf_mode
l-method[][]
[63] [64]
Overfull \hbox (22.00786pt too wide) in paragraph at lines 3794--3801
[]\T1/ptm/m/n/10 To pro-cess an []\T1/pcr/m/n/10 event[i][]\T1/ptm/m/n/10 , the
 com-part-ments af-fected by the event are spec-i-fied with []\T1/pcr/m/n/10 se
lect[i]
[65]
Overfull \hbox (2.20758pt too wide) in paragraph at lines 3803--3810
\T1/ptm/m/n/10 ter an-other com-part-ment. The sam-pled in-di-vid-u-als are shi
fted ac-cord-ing to col-umn []\T1/pcr/m/n/10 shift[i]
[66] [67]
Overfull \hbox (30.13759pt too wide) in paragraph at lines 3961--3967
\T1/ptm/m/n/10 lated by sam-pling the num-ber of in-di-vid-u-als from a bi-no-m
ial dis-tri-bu-tion us-ing the []\T1/pcr/m/n/10 proportion[i]

Overfull \hbox (23.34833pt too wide) in paragraph at lines 3968--3976
[]\T1/ptm/m/n/10 To pro-cess []\T1/pcr/m/n/10 event[i][]\T1/ptm/m/n/10 , the co
m-part-ments af-fected by the event are spec-i-fied with []\T1/pcr/m/n/10 selec
t[i]
[68] [69]
Overfull \hbox (36.4359pt too wide) in paragraph at lines 4101--4105
[]\T1/ptm/m/n/10 The re-sult ma-trix for the real-valued con-ti-nous com-part-m
ent state ($\OML/cmm/m/it/10 N[]$[]\T1/pcr/m/n/10 dim(ldata)[1]
[70] [71] [72]

LaTeX Font Warning: Font shape `T1/ptm/m/scit' undefined
(Font)              using `T1/ptm/m/sc' instead on input line 4295.

[73]

LaTeX Font Warning: Font shape `T1/ptm/m/scit' undefined
(Font)              using `T1/ptm/m/sc' instead on input line 4382.

[74]

LaTeX Font Warning: Font shape `T1/ptm/m/scit' undefined
(Font)              using `T1/ptm/m/sc' instead on input line 4413.

[75]

LaTeX Font Warning: Font shape `T1/ptm/m/scit' undefined
(Font)              using `T1/ptm/m/sc' instead on input line 4499.

[76] [77] [78]
Overfull \hbox (0.78088pt too wide) in paragraph at lines 4679--4679
 []\T1/pcr/m/n/10 INTERVAL_1 INTERVAL_2     INTERVAL_3     INTERVAL_4     INTER
VAL_1[] 

Overfull \hbox (12.78088pt too wide) in paragraph at lines 4680--4680
 []\T1/pcr/m/n/10 [0, END_1) [END_1, END_2) [END_2, END_3) [END_3, END_4) [END_
4, 365)[] 

Overfull \hbox (0.78088pt too wide) in paragraph at lines 4683--4683
 []\T1/pcr/m/n/10 INTERVAL_3 INTERVAL_4     INTERVAL_1     INTERVAL_2     INTER
VAL_3[] 

Overfull \hbox (12.78088pt too wide) in paragraph at lines 4684--4684
 []\T1/pcr/m/n/10 [0, END_3) [END_3, END_4) [END_4, END_1) [END_1, END_2) [END_
2, 365)[] 

Overfull \hbox (0.78088pt too wide) in paragraph at lines 4687--4687
 []\T1/pcr/m/n/10 INTERVAL_4 INTERVAL_1     INTERVAL_2     INTERVAL_3     INTER
VAL_4[] 

Overfull \hbox (12.78088pt too wide) in paragraph at lines 4688--4688
 []\T1/pcr/m/n/10 [0, END_4) [END_4, END_1) [END_1, END_2) [END_2, END_3) [END_
3, 365)[] 
[79] [80] [81]
Overfull \hbox (0.78088pt too wide) in paragraph at lines 4877--4877
 []\T1/pcr/m/n/10 INTERVAL_1 INTERVAL_2     INTERVAL_3     INTERVAL_4     INTER
VAL_1[] 

Overfull \hbox (12.78088pt too wide) in paragraph at lines 4878--4878
 []\T1/pcr/m/n/10 [0, END_1) [END_1, END_2) [END_2, END_3) [END_3, END_4) [END_
4, 365)[] 

Overfull \hbox (0.78088pt too wide) in paragraph at lines 4881--4881
 []\T1/pcr/m/n/10 INTERVAL_3 INTERVAL_4     INTERVAL_1     INTERVAL_2     INTER
VAL_3[] 

Overfull \hbox (12.78088pt too wide) in paragraph at lines 4882--4882
 []\T1/pcr/m/n/10 [0, END_3) [END_3, END_4) [END_4, END_1) [END_1, END_2) [END_
2, 365)[] 

Overfull \hbox (0.78088pt too wide) in paragraph at lines 4885--4885
 []\T1/pcr/m/n/10 INTERVAL_4 INTERVAL_1     INTERVAL_2     INTERVAL_3     INTER
VAL_4[] 

Overfull \hbox (12.78088pt too wide) in paragraph at lines 4886--4886
 []\T1/pcr/m/n/10 [0, END_4) [END_4, END_1) [END_1, END_2) [END_2, END_3) [END_
3, 365)[] 
[82] [83] [84]
Overfull \hbox (0.78088pt too wide) in paragraph at lines 5084--5084
 []\T1/pcr/m/n/10 INTERVAL_1 INTERVAL_2     INTERVAL_3     INTERVAL_4     INTER
VAL_1[] 

Overfull \hbox (12.78088pt too wide) in paragraph at lines 5085--5085
 []\T1/pcr/m/n/10 [0, END_1) [END_1, END_2) [END_2, END_3) [END_3, END_4) [END_
4, 365)[] 
[85]
Overfull \hbox (0.78088pt too wide) in paragraph at lines 5088--5088
 []\T1/pcr/m/n/10 INTERVAL_3 INTERVAL_4     INTERVAL_1     INTERVAL_2     INTER
VAL_3[] 

Overfull \hbox (12.78088pt too wide) in paragraph at lines 5089--5089
 []\T1/pcr/m/n/10 [0, END_3) [END_3, END_4) [END_4, END_1) [END_1, END_2) [END_
2, 365)[] 

Overfull \hbox (0.78088pt too wide) in paragraph at lines 5092--5092
 []\T1/pcr/m/n/10 INTERVAL_4 INTERVAL_1     INTERVAL_2     INTERVAL_3     INTER
VAL_4[] 

Overfull \hbox (12.78088pt too wide) in paragraph at lines 5093--5093
 []\T1/pcr/m/n/10 [0, END_4) [END_4, END_1) [END_1, END_2) [END_2, END_3) [END_
3, 365)[] 
[86] [87]
Overfull \hbox (0.78088pt too wide) in paragraph at lines 5259--5259
 []\T1/pcr/m/n/10 INTERVAL_1 INTERVAL_2     INTERVAL_3     INTERVAL_4     INTER
VAL_1[] 

Overfull \hbox (12.78088pt too wide) in paragraph at lines 5260--5260
 []\T1/pcr/m/n/10 [0, END_1) [END_1, END_2) [END_2, END_3) [END_3, END_4) [END_
4, 365)[] 

Overfull \hbox (0.78088pt too wide) in paragraph at lines 5263--5263
 []\T1/pcr/m/n/10 INTERVAL_3 INTERVAL_4     INTERVAL_1     INTERVAL_2     INTER
VAL_3[] 

Overfull \hbox (12.78088pt too wide) in paragraph at lines 5264--5264
 []\T1/pcr/m/n/10 [0, END_3) [END_3, END_4) [END_4, END_1) [END_1, END_2) [END_
2, 365)[] 

Overfull \hbox (0.78088pt too wide) in paragraph at lines 5267--5267
 []\T1/pcr/m/n/10 INTERVAL_4 INTERVAL_1     INTERVAL_2     INTERVAL_3     INTER
VAL_4[] 
[88]
Overfull \hbox (12.78088pt too wide) in paragraph at lines 5268--5268
 []\T1/pcr/m/n/10 [0, END_4) [END_4, END_1) [END_1, END_2) [END_2, END_3) [END_
3, 365)[] 
[89] [90] [91] [92]
Overfull \hbox (48.78088pt too wide) in paragraph at lines 5476--5476
 []\T1/pcr/m/n/10 trajectory(model, compartments, index, format = c("data.frame
", "matrix"))[] 
[93] [94]
Overfull \hbox (48.78088pt too wide) in paragraph at lines 5585--5585
 []\T1/pcr/m/n/10 trajectory(model, compartments, index, format = c("data.frame
", "matrix"))[] 

Overfull \hbox (30.78088pt too wide) in paragraph at lines 5633--5633
 []\T1/pcr/m/n/10 trajectory(model, compartments, index, start = 1, end = NULL,
 thin = 1)[] 
[95]
Overfull \hbox (2.66927pt too wide) in paragraph at lines 5669--5674
\T1/ptm/m/n/10 sult from call-ing [][][]\T1/pcr/m/n/10 trajectory,SimInf_model-
method[][] []\T1/ptm/m/n/10 with the ar-gu-ments []\T1/pcr/m/n/10 compartments
[96] [97] [98] [99] [100] [101] [102] [103] [104] (./Rd2.aux)

Package rerunfilecheck Warning: File `Rd2.out' has changed.
(rerunfilecheck)                Rerun to get outlines right
(rerunfilecheck)                or use package `bookmark'.

 )
(see the transcript file for additional information)
pdfTeX warning (dest): name{Rfn.trajectory\\unhbox\040\\voidb@x\040\\kern\040\\
z@\040\\char\040`\\protect\040\\protect\040\\leavevmode@ifvmode\040\\kern\040+.
1667em\\relax\040SimInf.Rul.model.Rdash.method} has been referenced but does no
t exist, replaced by a fixed one


pdfTeX warning (dest): name{Rfn.prevalence\\unhbox\040\\voidb@x\040\\kern\040\\
z@\040\\char\040`\\protect\040\\protect\040\\leavevmode@ifvmode\040\\kern\040+.
1667em\\relax\040SimInf.Rul.model.Rdash.method} has been referenced but does no
t exist, replaced by a fixed one


pdfTeX warning (dest): name{Rfn.plot\\unhbox\040\\voidb@x\040\\kern\040\\z@\040
\\char\040`\\protect\040\\protect\040\\leavevmode@ifvmode\040\\kern\040+.1667em
\\relax\040SimInf.Rul.model.Rdash.method} has been referenced but does not exis
t, replaced by a fixed one


pdfTeX warning (dest): name{Rfn.install.packages} has been referenced but does 
not exist, replaced by a fixed one


pdfTeX warning (dest): name{Rfn.INSTALL} has been referenced but does not exist
, replaced by a fixed one


pdfTeX warning (dest): name{Rfn.dgCMatrix} has been referenced but does not exi
st, replaced by a fixed one

</usr/share/texlive/texmf-dist/fonts/type1/public/amsfonts/cm/cmex10.pfb></usr/
share/texlive/texmf-dist/fonts/type1/public/amsfonts/cm/cmmi10.pfb></usr/share/
texlive/texmf-dist/fonts/type1/public/amsfonts/cm/cmmi7.pfb></usr/share/texlive
/texmf-dist/fonts/type1/public/amsfonts/cm/cmr10.pfb></usr/share/texlive/texmf-
dist/fonts/type1/public/amsfonts/cm/cmr5.pfb></usr/share/texlive/texmf-dist/fon
ts/type1/public/amsfonts/cm/cmr7.pfb></usr/share/texlive/texmf-dist/fonts/type1
/public/amsfonts/cm/cmsy10.pfb></usr/share/texlive/texmf-dist/fonts/type1/publi
c/amsfonts/cm/cmsy7.pfb></usr/share/texlive/texmf-dist/fonts/type1/urw/courier/
ucrr8a.pfb></usr/share/texlive/texmf-dist/fonts/type1/urw/helvetic/uhvr8a.pfb><
/usr/share/texlive/texmf-dist/fonts/type1/urw/times/utmb8a.pfb></usr/share/texl
ive/texmf-dist/fonts/type1/urw/times/utmr8a.pfb></usr/share/texlive/texmf-dist/
fonts/type1/urw/times/utmr8a.pfb></usr/share/texlive/texmf-dist/fonts/type1/urw
/times/utmri8a.pfb>
Output written on Rd2.pdf (104 pages, 359380 bytes).
Transcript written on Rd2.log.
This is pdfTeX, Version 3.141592653-2.6-1.40.25 (TeX Live 2023/Debian) (preloaded format=pdflatex)
 restricted \write18 enabled.
entering extended mode
(./Rd2.tex
LaTeX2e <2023-11-01> patch level 1
L3 programming layer <2024-01-22>

(/usr/share/texlive/texmf-dist/tex/latex/base/book.cls
Document Class: book 2023/05/17 v1.4n Standard LaTeX document class
(/usr/share/texlive/texmf-dist/tex/latex/base/bk10.clo))
(/usr/share/R/share/texmf/tex/latex/Rd.sty
(/usr/share/texlive/texmf-dist/tex/latex/base/ifthen.sty)
(/usr/share/texlive/texmf-dist/tex/latex/tools/longtable.sty)
(/usr/share/texlive/texmf-dist/tex/latex/tools/bm.sty)
(/usr/share/texlive/texmf-dist/tex/latex/base/alltt.sty)
(/usr/share/texlive/texmf-dist/tex/latex/tools/verbatim.sty)
(/usr/share/texlive/texmf-dist/tex/latex/url/url.sty)
(/usr/share/texlive/texmf-dist/tex/latex/base/textcomp.sty)
(/usr/share/texlive/texmf-dist/tex/latex/amsmath/amsmath.sty
For additional information on amsmath, use the `?' option.
(/usr/share/texlive/texmf-dist/tex/latex/amsmath/amstext.sty
(/usr/share/texlive/texmf-dist/tex/latex/amsmath/amsgen.sty))
(/usr/share/texlive/texmf-dist/tex/latex/amsmath/amsbsy.sty)
(/usr/share/texlive/texmf-dist/tex/latex/amsmath/amsopn.sty))
(/usr/share/texlive/texmf-dist/tex/latex/amsfonts/amsfonts.sty)
(/usr/share/texlive/texmf-dist/tex/latex/amsfonts/amssymb.sty)
(/usr/share/texlive/texmf-dist/tex/latex/jknapltx/mathrsfs.sty)
(/usr/share/texlive/texmf-dist/tex/generic/iftex/iftex.sty)
(/usr/share/texlive/texmf-dist/tex/latex/base/fontenc.sty)
(/usr/share/texlive/texmf-dist/tex/latex/psnfss/times.sty)
(/usr/share/texlive/texmf-dist/tex/latex/graphics/color.sty
(/usr/share/texlive/texmf-dist/tex/latex/graphics-cfg/color.cfg)
(/usr/share/texlive/texmf-dist/tex/latex/graphics-def/pdftex.def)
(/usr/share/texlive/texmf-dist/tex/latex/graphics/mathcolor.ltx))
(/usr/share/texlive/texmf-dist/tex/latex/hyperref/hyperref.sty
(/usr/share/texlive/texmf-dist/tex/latex/graphics/keyval.sty)
(/usr/share/texlive/texmf-dist/tex/latex/kvsetkeys/kvsetkeys.sty)
(/usr/share/texlive/texmf-dist/tex/generic/kvdefinekeys/kvdefinekeys.sty)
(/usr/share/texlive/texmf-dist/tex/generic/pdfescape/pdfescape.sty
(/usr/share/texlive/texmf-dist/tex/generic/ltxcmds/ltxcmds.sty)
(/usr/share/texlive/texmf-dist/tex/generic/pdftexcmds/pdftexcmds.sty
(/usr/share/texlive/texmf-dist/tex/generic/infwarerr/infwarerr.sty)))
(/usr/share/texlive/texmf-dist/tex/latex/hycolor/hycolor.sty)
(/usr/share/texlive/texmf-dist/tex/latex/auxhook/auxhook.sty)
(/usr/share/texlive/texmf-dist/tex/latex/hyperref/nameref.sty
(/usr/share/texlive/texmf-dist/tex/latex/refcount/refcount.sty)
(/usr/share/texlive/texmf-dist/tex/generic/gettitlestring/gettitlestring.sty
(/usr/share/texlive/texmf-dist/tex/latex/kvoptions/kvoptions.sty)))
(/usr/share/texlive/texmf-dist/tex/latex/etoolbox/etoolbox.sty)
(/usr/share/texlive/texmf-dist/tex/latex/hyperref/pd1enc.def)
(/usr/share/texlive/texmf-dist/tex/generic/intcalc/intcalc.sty)
(/usr/share/texlive/texmf-dist/tex/latex/hyperref/puenc.def)
(/usr/share/texlive/texmf-dist/tex/generic/bitset/bitset.sty
(/usr/share/texlive/texmf-dist/tex/generic/bigintcalc/bigintcalc.sty))
(/usr/share/texlive/texmf-dist/tex/latex/base/atbegshi-ltx.sty))
(/usr/share/texlive/texmf-dist/tex/latex/hyperref/hpdftex.def
(/usr/share/texlive/texmf-dist/tex/latex/base/atveryend-ltx.sty)
(/usr/share/texlive/texmf-dist/tex/latex/rerunfilecheck/rerunfilecheck.sty
(/usr/share/texlive/texmf-dist/tex/generic/uniquecounter/uniquecounter.sty))))
(/usr/share/texlive/texmf-dist/tex/latex/base/inputenc.sty)
(/usr/share/texlive/texmf-dist/tex/latex/psnfss/t1ptm.fd)
(/usr/share/texlive/texmf-dist/tex/latex/l3backend/l3backend-pdftex.def)
(./Rd2.aux) (/usr/share/texlive/texmf-dist/tex/context/base/mkii/supp-pdf.mkii
[Loading MPS to PDF converter (version 2006.09.02).]
) (./Rd2.out) (./Rd2.out)
(/usr/share/texlive/texmf-dist/tex/latex/psnfss/ts1ptm.fd)
(/usr/share/texlive/texmf-dist/tex/latex/psnfss/t1pcr.fd)
(/usr/share/texlive/texmf-dist/tex/latex/amsfonts/umsa.fd)
(/usr/share/texlive/texmf-dist/tex/latex/amsfonts/umsb.fd)
(/usr/share/texlive/texmf-dist/tex/latex/jknapltx/ursfs.fd) [1{/var/lib/texmf/f
onts/map/pdftex/updmap/pdftex.map}{/usr/share/texlive/texmf-dist/fonts/enc/dvip
s/base/8r.enc}] (/usr/share/texlive/texmf-dist/tex/latex/psnfss/t1phv.fd)
(./Rd2.toc [2] [3]) [4]
(/usr/share/texlive/texmf-dist/tex/latex/psnfss/ts1pcr.fd)
Overfull \hbox (14.09938pt too wide) in paragraph at lines 127--136
\T1/ptm/m/n/10 low-ing dis-tri-bu-tions are sup-ported: []\T1/pcr/m/n/10 gamma[
]\T1/ptm/m/n/10 , []\T1/pcr/m/n/10 lognormal[]\T1/ptm/m/n/10 , []\T1/pcr/m/n/10
 normal []\T1/ptm/m/n/10 and []\T1/pcr/m/n/10 uniform[]\T1/ptm/m/n/10 .
[5] [6] [7] [8] [9] [10] [11] [12] [13]
Overfull \hbox (15.18042pt too wide) in paragraph at lines 613--613
 []\T1/pcr/m/n/9 model <- mparse(transitions = c("S -> b*S*I/(S+I+R) -> I", "I 
-> g*I -> R"),[] 
[14] [15]
Overfull \hbox (7.60909pt too wide) in paragraph at lines 715--718
[]\T1/ptm/m/n/10 a nu-meric ma-trix with the num-ber of rows equal to []\T1/pcr
/m/n/10 max(table(edges$to)) * (ncol(edges)
[16] [17] [18] [19] [20] [21] [22] [23] [24] [25] [26]
Overfull \hbox (9.78043pt too wide) in paragraph at lines 1379--1379
 []              \T1/pcr/m/n/9 beta_t4 = 1.25e-1, end_t1 = c(91, 101), end_t2 =
 c(182, 185),[] 
[27] [28]
Overfull \hbox (4.33875pt too wide) in paragraph at lines 1483--1486
[]\T1/ptm/m/n/10 contains the names of the in-volved com-part-ments, for ex-am-
ple, []\T1/pcr/m/n/10 compartments
[29] [30] [31] [32]
Overfull \hbox (8.68842pt too wide) in paragraph at lines 1681--1685
\T1/ptm/m/n/10 ex-tract the events af-ter the min-i-mum time-point in the []\T1
/pcr/m/n/10 SimInf_indiv_events

Overfull \hbox (11.36795pt too wide) in paragraph at lines 1686--1690
[]\T1/ptm/m/n/10 The Sim-Inf model ('SEIR', 'SIR', 'SIS', 'SISe3', 'SISe3_sp', 
'SISe', or 'SISe_sp')
[33] [34] [35] [36] [37] [38] [39] [40] [41] [42] [43] [44] [45] [46]
Overfull \hbox (14.09938pt too wide) in paragraph at lines 2503--2512
\T1/ptm/m/n/10 low-ing dis-tri-bu-tions are sup-ported: []\T1/pcr/m/n/10 gamma[
]\T1/ptm/m/n/10 , []\T1/pcr/m/n/10 lognormal[]\T1/ptm/m/n/10 , []\T1/pcr/m/n/10
 normal []\T1/ptm/m/n/10 and []\T1/pcr/m/n/10 uniform[]\T1/ptm/m/n/10 .

Overfull \hbox (29.89868pt too wide) in paragraph at lines 2523--2526
\T1/ptm/m/n/10 pro-posal ma-trix. If left un-spec-i-fied then de-faults to []\T
1/pcr/m/n/10 diag((theta/10)^2/npars)[]\T1/ptm/m/n/10 . 
[47] [48]
Overfull \hbox (60.78088pt too wide) in paragraph at lines 2663--2663
 []\T1/pcr/m/n/10 prevalence(model, formula, level, index, format = c("data.fra
me", "matrix"))[] 
[49] [50]
Overfull \hbox (60.78088pt too wide) in paragraph at lines 2759--2759
 []\T1/pcr/m/n/10 prevalence(model, formula, level, index, format = c("data.fra
me", "matrix"))[] 
[51]
Overfull \hbox (42.78088pt too wide) in paragraph at lines 2824--2824
 []\T1/pcr/m/n/10 prevalence(model, formula, level, index, start = 1, end = NUL
L, thin = 1)[] 
[52]
Overfull \hbox (0.29762pt too wide) in paragraph at lines 2910--2915
[]\T1/ptm/m/n/10 A []\T1/pcr/m/n/10 data.frame []\T1/ptm/m/n/10 that spec-ify t
he nodes, time-points and com-part-ments to record
[53]
Overfull \hbox (15.18042pt too wide) in paragraph at lines 2941--2941
 []\T1/pcr/m/n/9 ## Create an \TS1/pcr/m/n/9 '\T1/pcr/m/n/9 SIR\TS1/pcr/m/n/9 '
 \T1/pcr/m/n/9 model with 6 nodes and initialize it to run over 10 days.[] 

Underfull \vbox (badness 3803) has occurred while \output is active [54]
[55]

LaTeX Font Warning: Font shape `T1/ptm/m/scit' undefined
(Font)              using `T1/ptm/m/sc' instead on input line 3093.

[56]
Overfull \hbox (42.78088pt too wide) in paragraph at lines 3102--3102
 []\T1/pcr/m/n/10 SEIR(u0, tspan, events = NULL, beta = NULL, epsilon = NULL, g
amma = NULL) 
[57] [58] [59] [60]
Overfull \hbox (41.5875pt too wide) in paragraph at lines 3337--3340
[]\T1/ptm/m/n/10 Utility func-tion to ex-tract the shift ma-trix []\T1/pcr/m/n/
10 events@N []\T1/ptm/m/n/10 from a []\T1/pcr/m/n/10 SimInf_model []\T1/ptm/m/n
/10 ob-ject, see [][][]\T1/pcr/m/n/10 SimInf_events[][] 
[61] [62] [63] [64]
Overfull \hbox (6.79706pt too wide) in paragraph at lines 3582--3591
\T1/ptm/m/n/10 work in-te-grates in-fec-tion dy-nam-ics in each sub-pop-u-la-ti
on as continuous-time Markov chains (CTMC)
[65]
Overfull \hbox (4.81871pt too wide) in paragraph at lines 3610--3615
[]\T1/ptm/m/n/10 and []\T1/pcr/m/n/10 plot[]\T1/ptm/m/n/10 . To fa-cil-i-tate c
us-tom anal-y-sis, it pro-vides the [][][]\T1/pcr/m/n/10 trajectory,SimInf_mode
l-method[][]
[66] [67]
Overfull \hbox (22.00786pt too wide) in paragraph at lines 3794--3801
[]\T1/ptm/m/n/10 To pro-cess an []\T1/pcr/m/n/10 event[i][]\T1/ptm/m/n/10 , the
 com-part-ments af-fected by the event are spec-i-fied with []\T1/pcr/m/n/10 se
lect[i]
[68]
Overfull \hbox (2.20758pt too wide) in paragraph at lines 3803--3810
\T1/ptm/m/n/10 ter an-other com-part-ment. The sam-pled in-di-vid-u-als are shi
fted ac-cord-ing to col-umn []\T1/pcr/m/n/10 shift[i]
[69] [70]
Overfull \hbox (30.13759pt too wide) in paragraph at lines 3961--3967
\T1/ptm/m/n/10 lated by sam-pling the num-ber of in-di-vid-u-als from a bi-no-m
ial dis-tri-bu-tion us-ing the []\T1/pcr/m/n/10 proportion[i]

Overfull \hbox (23.34833pt too wide) in paragraph at lines 3968--3976
[]\T1/ptm/m/n/10 To pro-cess []\T1/pcr/m/n/10 event[i][]\T1/ptm/m/n/10 , the co
m-part-ments af-fected by the event are spec-i-fied with []\T1/pcr/m/n/10 selec
t[i]
[71] [72]
Overfull \hbox (36.4359pt too wide) in paragraph at lines 4101--4105
[]\T1/ptm/m/n/10 The re-sult ma-trix for the real-valued con-ti-nous com-part-m
ent state ($\OML/cmm/m/it/10 N[]$[]\T1/pcr/m/n/10 dim(ldata)[1]
[73] [74] [75]

LaTeX Font Warning: Font shape `T1/ptm/m/scit' undefined
(Font)              using `T1/ptm/m/sc' instead on input line 4295.

[76]

LaTeX Font Warning: Font shape `T1/ptm/m/scit' undefined
(Font)              using `T1/ptm/m/sc' instead on input line 4382.

[77]

LaTeX Font Warning: Font shape `T1/ptm/m/scit' undefined
(Font)              using `T1/ptm/m/sc' instead on input line 4413.

[78]

LaTeX Font Warning: Font shape `T1/ptm/m/scit' undefined
(Font)              using `T1/ptm/m/sc' instead on input line 4499.

[79] [80] [81]
Overfull \hbox (0.78088pt too wide) in paragraph at lines 4679--4679
 []\T1/pcr/m/n/10 INTERVAL_1 INTERVAL_2     INTERVAL_3     INTERVAL_4     INTER
VAL_1[] 

Overfull \hbox (12.78088pt too wide) in paragraph at lines 4680--4680
 []\T1/pcr/m/n/10 [0, END_1) [END_1, END_2) [END_2, END_3) [END_3, END_4) [END_
4, 365)[] 

Overfull \hbox (0.78088pt too wide) in paragraph at lines 4683--4683
 []\T1/pcr/m/n/10 INTERVAL_3 INTERVAL_4     INTERVAL_1     INTERVAL_2     INTER
VAL_3[] 

Overfull \hbox (12.78088pt too wide) in paragraph at lines 4684--4684
 []\T1/pcr/m/n/10 [0, END_3) [END_3, END_4) [END_4, END_1) [END_1, END_2) [END_
2, 365)[] 

Overfull \hbox (0.78088pt too wide) in paragraph at lines 4687--4687
 []\T1/pcr/m/n/10 INTERVAL_4 INTERVAL_1     INTERVAL_2     INTERVAL_3     INTER
VAL_4[] 

Overfull \hbox (12.78088pt too wide) in paragraph at lines 4688--4688
 []\T1/pcr/m/n/10 [0, END_4) [END_4, END_1) [END_1, END_2) [END_2, END_3) [END_
3, 365)[] 
[82] [83] [84]
Overfull \hbox (0.78088pt too wide) in paragraph at lines 4877--4877
 []\T1/pcr/m/n/10 INTERVAL_1 INTERVAL_2     INTERVAL_3     INTERVAL_4     INTER
VAL_1[] 

Overfull \hbox (12.78088pt too wide) in paragraph at lines 4878--4878
 []\T1/pcr/m/n/10 [0, END_1) [END_1, END_2) [END_2, END_3) [END_3, END_4) [END_
4, 365)[] 

Overfull \hbox (0.78088pt too wide) in paragraph at lines 4881--4881
 []\T1/pcr/m/n/10 INTERVAL_3 INTERVAL_4     INTERVAL_1     INTERVAL_2     INTER
VAL_3[] 

Overfull \hbox (12.78088pt too wide) in paragraph at lines 4882--4882
 []\T1/pcr/m/n/10 [0, END_3) [END_3, END_4) [END_4, END_1) [END_1, END_2) [END_
2, 365)[] 

Overfull \hbox (0.78088pt too wide) in paragraph at lines 4885--4885
 []\T1/pcr/m/n/10 INTERVAL_4 INTERVAL_1     INTERVAL_2     INTERVAL_3     INTER
VAL_4[] 

Overfull \hbox (12.78088pt too wide) in paragraph at lines 4886--4886
 []\T1/pcr/m/n/10 [0, END_4) [END_4, END_1) [END_1, END_2) [END_2, END_3) [END_
3, 365)[] 
[85] [86] [87]
Overfull \hbox (0.78088pt too wide) in paragraph at lines 5084--5084
 []\T1/pcr/m/n/10 INTERVAL_1 INTERVAL_2     INTERVAL_3     INTERVAL_4     INTER
VAL_1[] 

Overfull \hbox (12.78088pt too wide) in paragraph at lines 5085--5085
 []\T1/pcr/m/n/10 [0, END_1) [END_1, END_2) [END_2, END_3) [END_3, END_4) [END_
4, 365)[] 
[88]
Overfull \hbox (0.78088pt too wide) in paragraph at lines 5088--5088
 []\T1/pcr/m/n/10 INTERVAL_3 INTERVAL_4     INTERVAL_1     INTERVAL_2     INTER
VAL_3[] 

Overfull \hbox (12.78088pt too wide) in paragraph at lines 5089--5089
 []\T1/pcr/m/n/10 [0, END_3) [END_3, END_4) [END_4, END_1) [END_1, END_2) [END_
2, 365)[] 

Overfull \hbox (0.78088pt too wide) in paragraph at lines 5092--5092
 []\T1/pcr/m/n/10 INTERVAL_4 INTERVAL_1     INTERVAL_2     INTERVAL_3     INTER
VAL_4[] 

Overfull \hbox (12.78088pt too wide) in paragraph at lines 5093--5093
 []\T1/pcr/m/n/10 [0, END_4) [END_4, END_1) [END_1, END_2) [END_2, END_3) [END_
3, 365)[] 
[89] [90]
Overfull \hbox (0.78088pt too wide) in paragraph at lines 5259--5259
 []\T1/pcr/m/n/10 INTERVAL_1 INTERVAL_2     INTERVAL_3     INTERVAL_4     INTER
VAL_1[] 

Overfull \hbox (12.78088pt too wide) in paragraph at lines 5260--5260
 []\T1/pcr/m/n/10 [0, END_1) [END_1, END_2) [END_2, END_3) [END_3, END_4) [END_
4, 365)[] 

Overfull \hbox (0.78088pt too wide) in paragraph at lines 5263--5263
 []\T1/pcr/m/n/10 INTERVAL_3 INTERVAL_4     INTERVAL_1     INTERVAL_2     INTER
VAL_3[] 

Overfull \hbox (12.78088pt too wide) in paragraph at lines 5264--5264
 []\T1/pcr/m/n/10 [0, END_3) [END_3, END_4) [END_4, END_1) [END_1, END_2) [END_
2, 365)[] 

Overfull \hbox (0.78088pt too wide) in paragraph at lines 5267--5267
 []\T1/pcr/m/n/10 INTERVAL_4 INTERVAL_1     INTERVAL_2     INTERVAL_3     INTER
VAL_4[] 
[91]
Overfull \hbox (12.78088pt too wide) in paragraph at lines 5268--5268
 []\T1/pcr/m/n/10 [0, END_4) [END_4, END_1) [END_1, END_2) [END_2, END_3) [END_
3, 365)[] 
[92] [93] [94] [95]
Overfull \hbox (48.78088pt too wide) in paragraph at lines 5476--5476
 []\T1/pcr/m/n/10 trajectory(model, compartments, index, format = c("data.frame
", "matrix"))[] 
[96] [97]
Overfull \hbox (48.78088pt too wide) in paragraph at lines 5585--5585
 []\T1/pcr/m/n/10 trajectory(model, compartments, index, format = c("data.frame
", "matrix"))[] 

Overfull \hbox (30.78088pt too wide) in paragraph at lines 5633--5633
 []\T1/pcr/m/n/10 trajectory(model, compartments, index, start = 1, end = NULL,
 thin = 1)[] 
[98]
Overfull \hbox (2.66927pt too wide) in paragraph at lines 5669--5674
\T1/ptm/m/n/10 sult from call-ing [][][]\T1/pcr/m/n/10 trajectory,SimInf_model-
method[][] []\T1/ptm/m/n/10 with the ar-gu-ments []\T1/pcr/m/n/10 compartments
[99] [100] [101] [102] [103] [104] [105] [106] [107] (./Rd2.aux) )
(see the transcript file for additional information)
pdfTeX warning (dest): name{Rfn.trajectory\\unhbox\040\\voidb@x\040\\kern\040\\
z@\040\\char\040`\\protect\040\\protect\040\\leavevmode@ifvmode\040\\kern\040+.
1667em\\relax\040SimInf.Rul.model.Rdash.method} has been referenced but does no
t exist, replaced by a fixed one


pdfTeX warning (dest): name{Rfn.prevalence\\unhbox\040\\voidb@x\040\\kern\040\\
z@\040\\char\040`\\protect\040\\protect\040\\leavevmode@ifvmode\040\\kern\040+.
1667em\\relax\040SimInf.Rul.model.Rdash.method} has been referenced but does no
t exist, replaced by a fixed one


pdfTeX warning (dest): name{Rfn.plot\\unhbox\040\\voidb@x\040\\kern\040\\z@\040
\\char\040`\\protect\040\\protect\040\\leavevmode@ifvmode\040\\kern\040+.1667em
\\relax\040SimInf.Rul.model.Rdash.method} has been referenced but does not exis
t, replaced by a fixed one


pdfTeX warning (dest): name{Rfn.install.packages} has been referenced but does 
not exist, replaced by a fixed one


pdfTeX warning (dest): name{Rfn.INSTALL} has been referenced but does not exist
, replaced by a fixed one


pdfTeX warning (dest): name{Rfn.dgCMatrix} has been referenced but does not exi
st, replaced by a fixed one

</usr/share/texlive/texmf-dist/fonts/type1/public/amsfonts/cm/cmex10.pfb></usr/
share/texlive/texmf-dist/fonts/type1/public/amsfonts/cm/cmmi10.pfb></usr/share/
texlive/texmf-dist/fonts/type1/public/amsfonts/cm/cmmi7.pfb></usr/share/texlive
/texmf-dist/fonts/type1/public/amsfonts/cm/cmr10.pfb></usr/share/texlive/texmf-
dist/fonts/type1/public/amsfonts/cm/cmr5.pfb></usr/share/texlive/texmf-dist/fon
ts/type1/public/amsfonts/cm/cmr7.pfb></usr/share/texlive/texmf-dist/fonts/type1
/public/amsfonts/cm/cmsy10.pfb></usr/share/texlive/texmf-dist/fonts/type1/publi
c/amsfonts/cm/cmsy7.pfb></usr/share/texlive/texmf-dist/fonts/type1/urw/courier/
ucrr8a.pfb></usr/share/texlive/texmf-dist/fonts/type1/urw/helvetic/uhvr8a.pfb><
/usr/share/texlive/texmf-dist/fonts/type1/urw/times/utmb8a.pfb></usr/share/texl
ive/texmf-dist/fonts/type1/urw/times/utmr8a.pfb></usr/share/texlive/texmf-dist/
fonts/type1/urw/times/utmr8a.pfb></usr/share/texlive/texmf-dist/fonts/type1/urw
/times/utmri8a.pfb>
Output written on Rd2.pdf (107 pages, 371123 bytes).
Transcript written on Rd2.log.
Saving output to ‘SimInf-manual.pdf’ ...
Done
You may want to clean up by 'rm -Rf /tmp/RtmpBUVkyN/Rd2pdf10c2e50e6bcbb'
